<?xml version="1.0" encoding="UTF-8"?>
<!-- Generated by org.testng.reporters.JUnitReportReporter -->
<testsuite skipped="0" hostname="DESKTOP-UQAFCOH" name="test.TestLogin" tests="1" failures="0" timestamp="2020-03-28T11:27:32 COT" time="5.924" errors="0">
  <testcase name="test_Home_Page_Appear_Correct" time="5.924" classname="test.TestLogin"/>
  <system-out/>
</testsuite> <!-- test.TestLogin -->
