<?xml version="1.0" encoding="UTF-8"?>
<!-- Generated by org.testng.reporters.JUnitReportReporter -->
<testsuite skipped="0" hostname="DESKTOP-UQAFCOH" name="test.LoginWithPageFactory" tests="1" failures="0" timestamp="2020-03-28T11:38:32 COT" time="5.258" errors="0">
  <testcase name="test_Home_Page_Appear_Correct" time="5.258" classname="test.LoginWithPageFactory"/>
  <system-out/>
</testsuite> <!-- test.LoginWithPageFactory -->
