<?xml version="1.0" encoding="UTF-8"?>
<!-- Generated by org.testng.reporters.JUnitReportReporter -->
<testsuite skipped="0" hostname="DESKTOP-UQAFCOH" name="test.Test99GuruLogin" tests="1" failures="0" timestamp="2020-03-28T11:14:33 COT" time="2.516" errors="0">
  <testcase name="test_Home_Page_Appear_Correct" time="2.516" classname="test.Test99GuruLogin"/>
  <system-out/>
</testsuite> <!-- test.Test99GuruLogin -->
