<?xml version="1.0" encoding="UTF-8"?>
<!-- Generated by org.testng.reporters.JUnitReportReporter -->
<testsuite skipped="0" hostname="DESKTOP-UQAFCOH" name="test.Test99GuruLoginWithPageFactory" tests="1" failures="0" timestamp="2020-03-28T10:59:46 COT" time="5.079" errors="0">
  <testcase name="test_Home_Page_Appear_Correct" time="5.079" classname="test.Test99GuruLoginWithPageFactory"/>
  <system-out/>
</testsuite> <!-- test.Test99GuruLoginWithPageFactory -->
